

CmdLine:	C:\Workspace\Pew_Desktop\Pew_0.1_1.exe --l4j-debug
WOW64:		yes
Working dir:	C:\Workspace\Pew_Desktop\.
Check launcher:	 (n/a)
64-bit search:	SOFTWARE\JavaSoft\Java Runtime Environment...
Match:		SOFTWARE\JavaSoft\Java Runtime Environment\1.7
Match:		SOFTWARE\JavaSoft\Java Runtime Environment\1.7.0
Using 64-bit runtime.
64-bit search:	SOFTWARE\JavaSoft\Java Development Kit...
Ignore:		SOFTWARE\JavaSoft\Java Development Kit\1.7
Ignore:		SOFTWARE\JavaSoft\Java Development Kit\1.7.0
Using 64-bit runtime.
Check launcher:	C:\Program Files\Java\jre7\bin\javaw.exe (OK)
Launcher:	C:\Program Files\Java\jre7\bin\javaw.exe
Launcher args:	 -Djava.library.path=resources -jar "C:\Workspace\Pew_Desktop\Pew_0.1_1.exe"
Args length:	76/32768 chars
Exit code:	0


CmdLine:	C:\Workspace\Pew_Desktop\Pew_0.1_1.exe --l4j-debug
WOW64:		yes
Working dir:	C:\Workspace\Pew_Desktop\.
Check launcher:	 (n/a)
64-bit search:	SOFTWARE\JavaSoft\Java Runtime Environment...
Match:		SOFTWARE\JavaSoft\Java Runtime Environment\1.7
Match:		SOFTWARE\JavaSoft\Java Runtime Environment\1.7.0
Using 64-bit runtime.
64-bit search:	SOFTWARE\JavaSoft\Java Development Kit...
Ignore:		SOFTWARE\JavaSoft\Java Development Kit\1.7
Ignore:		SOFTWARE\JavaSoft\Java Development Kit\1.7.0
Using 64-bit runtime.
Check launcher:	C:\Program Files\Java\jre7\bin\javaw.exe (OK)
Launcher:	C:\Program Files\Java\jre7\bin\javaw.exe
Launcher args:	 -Djava.library.path=resources -jar "C:\Workspace\Pew_Desktop\Pew_0.1_1.exe"
Args length:	76/32768 chars
Exit code:	0


CmdLine:	C:\Workspace\Pew_Desktop\Pew_0.1_1.exe --l4j-debug
WOW64:		yes
Working dir:	C:\Workspace\Pew_Desktop\.
Check launcher:	 (n/a)
64-bit search:	SOFTWARE\JavaSoft\Java Runtime Environment...
Match:		SOFTWARE\JavaSoft\Java Runtime Environment\1.7
Match:		SOFTWARE\JavaSoft\Java Runtime Environment\1.7.0
Using 64-bit runtime.
64-bit search:	SOFTWARE\JavaSoft\Java Development Kit...
Ignore:		SOFTWARE\JavaSoft\Java Development Kit\1.7
Ignore:		SOFTWARE\JavaSoft\Java Development Kit\1.7.0
Using 64-bit runtime.
Check launcher:	C:\Program Files\Java\jre7\bin\javaw.exe (OK)
Launcher:	C:\Program Files\Java\jre7\bin\javaw.exe
Launcher args:	 -Djava.library.path=resources -jar "C:\Workspace\Pew_Desktop\Pew_0.1_1.exe"
Args length:	76/32768 chars
Exit code:	0


CmdLine:	C:\Workspace\Pew_Desktop\Pew_0.1_1.exe --l4j-debug
WOW64:		yes
Working dir:	C:\Workspace\Pew_Desktop\.
Check launcher:	 (n/a)
64-bit search:	SOFTWARE\JavaSoft\Java Runtime Environment...
Match:		SOFTWARE\JavaSoft\Java Runtime Environment\1.7
Match:		SOFTWARE\JavaSoft\Java Runtime Environment\1.7.0
Using 64-bit runtime.
64-bit search:	SOFTWARE\JavaSoft\Java Development Kit...
Ignore:		SOFTWARE\JavaSoft\Java Development Kit\1.7
Ignore:		SOFTWARE\JavaSoft\Java Development Kit\1.7.0
Using 64-bit runtime.
Check launcher:	C:\Program Files\Java\jre7\bin\javaw.exe (OK)
Launcher:	C:\Program Files\Java\jre7\bin\javaw.exe
Launcher args:	 -Djava.library.path=resources -jar "C:\Workspace\Pew_Desktop\Pew_0.1_1.exe"
Args length:	76/32768 chars
Exit code:	0


CmdLine:	C:\Workspace\Pew_Desktop\Pew_0.1_1.exe --l4j-debug
WOW64:		yes
Working dir:	C:\Workspace\Pew_Desktop\.
Check launcher:	 (n/a)
64-bit search:	SOFTWARE\JavaSoft\Java Runtime Environment...
Match:		SOFTWARE\JavaSoft\Java Runtime Environment\1.7
Match:		SOFTWARE\JavaSoft\Java Runtime Environment\1.7.0
Using 64-bit runtime.
64-bit search:	SOFTWARE\JavaSoft\Java Development Kit...
Ignore:		SOFTWARE\JavaSoft\Java Development Kit\1.7
Ignore:		SOFTWARE\JavaSoft\Java Development Kit\1.7.0
Using 64-bit runtime.
Check launcher:	C:\Program Files\Java\jre7\bin\javaw.exe (OK)
Launcher:	C:\Program Files\Java\jre7\bin\javaw.exe
Launcher args:	 -Djava.library.path=resources -jar "C:\Workspace\Pew_Desktop\Pew_0.1_1.exe"
Args length:	76/32768 chars
Exit code:	0


CmdLine:	C:\Workspace\Pew_Desktop\Pew_0.1_1.exe --l4j-debug
WOW64:		yes
Working dir:	C:\Workspace\Pew_Desktop\.
Check launcher:	 (n/a)
64-bit search:	SOFTWARE\JavaSoft\Java Runtime Environment...
Match:		SOFTWARE\JavaSoft\Java Runtime Environment\1.7
Match:		SOFTWARE\JavaSoft\Java Runtime Environment\1.7.0
Using 64-bit runtime.
64-bit search:	SOFTWARE\JavaSoft\Java Development Kit...
Ignore:		SOFTWARE\JavaSoft\Java Development Kit\1.7
Ignore:		SOFTWARE\JavaSoft\Java Development Kit\1.7.0
Using 64-bit runtime.
Check launcher:	C:\Program Files\Java\jre7\bin\javaw.exe (OK)
Launcher:	C:\Program Files\Java\jre7\bin\javaw.exe
Launcher args:	 -Djava.library.path=resources -jar "C:\Workspace\Pew_Desktop\Pew_0.1_1.exe"
Args length:	76/32768 chars
Exit code:	0


CmdLine:	C:\Workspace\Pew_Desktop\Pew_0.1_1.exe --l4j-debug
WOW64:		yes
Working dir:	C:\Workspace\Pew_Desktop\.
Check launcher:	 (n/a)
64-bit search:	SOFTWARE\JavaSoft\Java Runtime Environment...
Match:		SOFTWARE\JavaSoft\Java Runtime Environment\1.7
Match:		SOFTWARE\JavaSoft\Java Runtime Environment\1.7.0
Using 64-bit runtime.
64-bit search:	SOFTWARE\JavaSoft\Java Development Kit...
Ignore:		SOFTWARE\JavaSoft\Java Development Kit\1.7
Ignore:		SOFTWARE\JavaSoft\Java Development Kit\1.7.0
Using 64-bit runtime.
Check launcher:	C:\Program Files\Java\jre7\bin\javaw.exe (OK)
Launcher:	C:\Program Files\Java\jre7\bin\javaw.exe
Launcher args:	 -Djava.library.path=resources -jar "C:\Workspace\Pew_Desktop\Pew_0.1_1.exe"
Args length:	76/32768 chars
Exit code:	0


CmdLine:	C:\Workspace\Pew_Desktop\Pew_0.2.exe --l4j-debug
WOW64:		yes
Working dir:	C:\Workspace\Pew_Desktop\.
Check launcher:	 (n/a)
64-bit search:	SOFTWARE\JavaSoft\Java Runtime Environment...
Match:		SOFTWARE\JavaSoft\Java Runtime Environment\1.7
Match:		SOFTWARE\JavaSoft\Java Runtime Environment\1.7.0
Using 64-bit runtime.
64-bit search:	SOFTWARE\JavaSoft\Java Development Kit...
Ignore:		SOFTWARE\JavaSoft\Java Development Kit\1.7
Ignore:		SOFTWARE\JavaSoft\Java Development Kit\1.7.0
Using 64-bit runtime.
Check launcher:	C:\Program Files\Java\jre7\bin\javaw.exe (OK)
Launcher:	C:\Program Files\Java\jre7\bin\javaw.exe
Launcher args:	 -Djava.library.path=resources -jar "C:\Workspace\Pew_Desktop\Pew_0.2.exe"
Args length:	74/32768 chars
Exit code:	0


CmdLine:	C:\Workspace\Pew_Desktop\Quantity_0.3.exe --l4j-debug
WOW64:		yes
Working dir:	C:\Workspace\Pew_Desktop\.
Check launcher:	 (n/a)
64-bit search:	SOFTWARE\JavaSoft\Java Runtime Environment...
Match:		SOFTWARE\JavaSoft\Java Runtime Environment\1.7
Match:		SOFTWARE\JavaSoft\Java Runtime Environment\1.7.0
Using 64-bit runtime.
64-bit search:	SOFTWARE\JavaSoft\Java Development Kit...
Ignore:		SOFTWARE\JavaSoft\Java Development Kit\1.7
Ignore:		SOFTWARE\JavaSoft\Java Development Kit\1.7.0
Using 64-bit runtime.
Check launcher:	C:\Program Files\Java\jre7\bin\javaw.exe (OK)
Launcher:	C:\Program Files\Java\jre7\bin\javaw.exe
Launcher args:	 -Djava.library.path=resources -jar "C:\Workspace\Pew_Desktop\Quantity_0.3.exe"
Args length:	79/32768 chars
Exit code:	0


CmdLine:	C:\Workspace\Pew_Desktop\Quantity_0.3.exe --l4j-debug
WOW64:		yes
Working dir:	C:\Workspace\Pew_Desktop\.
Check launcher:	 (n/a)
64-bit search:	SOFTWARE\JavaSoft\Java Runtime Environment...
Match:		SOFTWARE\JavaSoft\Java Runtime Environment\1.7
Match:		SOFTWARE\JavaSoft\Java Runtime Environment\1.7.0
Using 64-bit runtime.
64-bit search:	SOFTWARE\JavaSoft\Java Development Kit...
Ignore:		SOFTWARE\JavaSoft\Java Development Kit\1.7
Ignore:		SOFTWARE\JavaSoft\Java Development Kit\1.7.0
Using 64-bit runtime.
Check launcher:	C:\Program Files\Java\jre7\bin\javaw.exe (OK)
Launcher:	C:\Program Files\Java\jre7\bin\javaw.exe
Launcher args:	 -Djava.library.path=resources -jar "C:\Workspace\Pew_Desktop\Quantity_0.3.exe"
Args length:	79/32768 chars


CmdLine:	C:\Workspace\Pew_Desktop\Quantity_0.3.exe --l4j-debug
WOW64:		yes
Working dir:	C:\Workspace\Pew_Desktop\.
Check launcher:	 (n/a)
64-bit search:	SOFTWARE\JavaSoft\Java Runtime Environment...
Match:		SOFTWARE\JavaSoft\Java Runtime Environment\1.7
Match:		SOFTWARE\JavaSoft\Java Runtime Environment\1.7.0
Using 64-bit runtime.
64-bit search:	SOFTWARE\JavaSoft\Java Development Kit...
Ignore:		SOFTWARE\JavaSoft\Java Development Kit\1.7
Ignore:		SOFTWARE\JavaSoft\Java Development Kit\1.7.0
Using 64-bit runtime.
Check launcher:	C:\Program Files\Java\jre7\bin\javaw.exe (OK)
Launcher:	C:\Program Files\Java\jre7\bin\javaw.exe
Launcher args:	 -Djava.library.path=resources -jar "C:\Workspace\Pew_Desktop\Quantity_0.3.exe"
Args length:	79/32768 chars


CmdLine:	C:\Workspace\Pew_Desktop\Quantity_0.3.exe --l4j-debug
WOW64:		yes
Working dir:	C:\Workspace\Pew_Desktop\.
Check launcher:	 (n/a)
64-bit search:	SOFTWARE\JavaSoft\Java Runtime Environment...
Match:		SOFTWARE\JavaSoft\Java Runtime Environment\1.7
Match:		SOFTWARE\JavaSoft\Java Runtime Environment\1.7.0
Using 64-bit runtime.
64-bit search:	SOFTWARE\JavaSoft\Java Development Kit...
Ignore:		SOFTWARE\JavaSoft\Java Development Kit\1.7
Ignore:		SOFTWARE\JavaSoft\Java Development Kit\1.7.0
Using 64-bit runtime.
Check launcher:	C:\Program Files\Java\jre7\bin\javaw.exe (OK)
Launcher:	C:\Program Files\Java\jre7\bin\javaw.exe
Launcher args:	 -Djava.library.path=resources -jar "C:\Workspace\Pew_Desktop\Quantity_0.3.exe"
Args length:	79/32768 chars


CmdLine:	C:\Workspace\Pew_Desktop\Quantity_0.3.exe --l4j-debug
WOW64:		yes
Working dir:	C:\Workspace\Pew_Desktop\.
Check launcher:	 (n/a)
64-bit search:	SOFTWARE\JavaSoft\Java Runtime Environment...
Match:		SOFTWARE\JavaSoft\Java Runtime Environment\1.7
Match:		SOFTWARE\JavaSoft\Java Runtime Environment\1.7.0
Using 64-bit runtime.
64-bit search:	SOFTWARE\JavaSoft\Java Development Kit...
Ignore:		SOFTWARE\JavaSoft\Java Development Kit\1.7
Ignore:		SOFTWARE\JavaSoft\Java Development Kit\1.7.0
Using 64-bit runtime.
Check launcher:	C:\Program Files\Java\jre7\bin\javaw.exe (OK)
Launcher:	C:\Program Files\Java\jre7\bin\javaw.exe
Launcher args:	 -Djava.library.path=resources -jar "C:\Workspace\Pew_Desktop\Quantity_0.3.exe"
Args length:	79/32768 chars


CmdLine:	C:\Workspace\Pew_Desktop\Quantity_0.3.exe --l4j-debug
WOW64:		yes
Working dir:	C:\Workspace\Pew_Desktop\.
Check launcher:	 (n/a)
64-bit search:	SOFTWARE\JavaSoft\Java Runtime Environment...
Match:		SOFTWARE\JavaSoft\Java Runtime Environment\1.7
Match:		SOFTWARE\JavaSoft\Java Runtime Environment\1.7.0
Using 64-bit runtime.
64-bit search:	SOFTWARE\JavaSoft\Java Development Kit...
Ignore:		SOFTWARE\JavaSoft\Java Development Kit\1.7
Ignore:		SOFTWARE\JavaSoft\Java Development Kit\1.7.0
Using 64-bit runtime.
Check launcher:	C:\Program Files\Java\jre7\bin\javaw.exe (OK)
Launcher:	C:\Program Files\Java\jre7\bin\javaw.exe
Launcher args:	 -Djava.library.path=resources -jar "C:\Workspace\Pew_Desktop\Quantity_0.3.exe"
Args length:	79/32768 chars
Exit code:	259


CmdLine:	C:\Workspace\Pew_Desktop\Quantity_0.3.exe --l4j-debug
WOW64:		yes
Working dir:	C:\Workspace\Pew_Desktop\.
Check launcher:	 (n/a)
64-bit search:	SOFTWARE\JavaSoft\Java Runtime Environment...
Match:		SOFTWARE\JavaSoft\Java Runtime Environment\1.7
Match:		SOFTWARE\JavaSoft\Java Runtime Environment\1.7.0
Using 64-bit runtime.
64-bit search:	SOFTWARE\JavaSoft\Java Development Kit...
Ignore:		SOFTWARE\JavaSoft\Java Development Kit\1.7
Ignore:		SOFTWARE\JavaSoft\Java Development Kit\1.7.0
Using 64-bit runtime.
Check launcher:	C:\Program Files\Java\jre7\bin\javaw.exe (OK)
Launcher:	C:\Program Files\Java\jre7\bin\javaw.exe
Launcher args:	 -Djava.library.path=resources -jar "C:\Workspace\Pew_Desktop\Quantity_0.3.exe"
Args length:	79/32768 chars


CmdLine:	C:\Workspace\Pew_Desktop\Quantity_0.3.exe --l4j-debug
WOW64:		yes
Working dir:	C:\Workspace\Pew_Desktop\.
Check launcher:	 (n/a)
64-bit search:	SOFTWARE\JavaSoft\Java Runtime Environment...
Match:		SOFTWARE\JavaSoft\Java Runtime Environment\1.7
Match:		SOFTWARE\JavaSoft\Java Runtime Environment\1.7.0
Using 64-bit runtime.
64-bit search:	SOFTWARE\JavaSoft\Java Development Kit...
Ignore:		SOFTWARE\JavaSoft\Java Development Kit\1.7
Ignore:		SOFTWARE\JavaSoft\Java Development Kit\1.7.0
Using 64-bit runtime.
Check launcher:	C:\Program Files\Java\jre7\bin\javaw.exe (OK)
Launcher:	C:\Program Files\Java\jre7\bin\javaw.exe
Launcher args:	 -Djava.library.path=resources -jar "C:\Workspace\Pew_Desktop\Quantity_0.3.exe"
Args length:	79/32768 chars


CmdLine:	C:\Workspace\Pew_Desktop\Quantity_0.3.exe --l4j-debug
WOW64:		yes
Working dir:	C:\Workspace\Pew_Desktop\.
Check launcher:	 (n/a)
64-bit search:	SOFTWARE\JavaSoft\Java Runtime Environment...
Match:		SOFTWARE\JavaSoft\Java Runtime Environment\1.7
Match:		SOFTWARE\JavaSoft\Java Runtime Environment\1.7.0
Using 64-bit runtime.
64-bit search:	SOFTWARE\JavaSoft\Java Development Kit...
Ignore:		SOFTWARE\JavaSoft\Java Development Kit\1.7
Ignore:		SOFTWARE\JavaSoft\Java Development Kit\1.7.0
Using 64-bit runtime.
Check launcher:	C:\Program Files\Java\jre7\bin\javaw.exe (OK)
Launcher:	C:\Program Files\Java\jre7\bin\javaw.exe
Launcher args:	 -Djava.library.path=resources -jar "C:\Workspace\Pew_Desktop\Quantity_0.3.exe"
Args length:	79/32768 chars
Exit code:	259
